# JRE version: Java(TM) SE Runtime Environment (8.0_45-b14) (build 1.8.0_45-b14)
# Java VM: Java HotSpot(TM) 64-Bit Server VM (25.45-b02 mixed mode linux-amd64 compressed oops)
Heap:
 PSYoungGen      total 324608K, used 156394K [0x00000000eb580000, 0x00000000ffe80000, 0x0000000100000000)
  eden space 313344K, 49% used [0x00000000eb580000,0x00000000f4cf28e0,0x00000000fe780000)
  from space 11264K, 11% used [0x00000000ff380000,0x00000000ff4c8000,0x00000000ffe80000)
  to   space 11776K, 0% used [0x00000000fe780000,0x00000000fe780000,0x00000000ff300000)
 ParOldGen       total 63488K, used 37077K [0x00000000c2000000, 0x00000000c5e00000, 0x00000000eb580000)
  object space 63488K, 58% used [0x00000000c2000000,0x00000000c4435420,0x00000000c5e00000)
 Metaspace       used 27894K, capacity 29894K, committed 29952K, reserved 1075200K
  class space    used 3711K, capacity 4084K, committed 4096K, reserved 1048576K
GC Heap History (10 events):
Event: 375.977 GC heap before
{Heap before GC invocations=22 (full 2):
 PSYoungGen      total 322048K, used 309648K [0x00000000eb580000, 0x00000000fff80000, 0x0000000100000000)
  eden space 307200K, 100% used [0x00000000eb580000,0x00000000fe180000,0x00000000fe180000)
  from space 14848K, 16% used [0x00000000fe180000,0x00000000fe3e43f0,0x00000000ff000000)
  to   space 14336K, 0% used [0x00000000ff180000,0x00000000ff180000,0x00000000fff80000)
 ParOldGen       total 63488K, used 35741K [0x00000000c2000000, 0x00000000c5e00000, 0x00000000eb580000)
  object space 63488K, 56% used [0x00000000c2000000,0x00000000c42e7410,0x00000000c5e00000)
 Metaspace       used 27043K, capacity 28806K, committed 29184K, reserved 1075200K
  class space    used 3623K, capacity 3972K, committed 4096K, reserved 1048576K
Event: 375.986 GC heap after
Heap after GC invocations=22 (full 2):
 PSYoungGen      total 322560K, used 675K [0x00000000eb580000, 0x00000000ffe80000, 0x0000000100000000)
  eden space 309248K, 0% used [0x00000000eb580000,0x00000000eb580000,0x00000000fe380000)
  from space 13312K, 5% used [0x00000000ff180000,0x00000000ff228eb8,0x00000000ffe80000)
  to   space 13824K, 0% used [0x00000000fe380000,0x00000000fe380000,0x00000000ff100000)
 ParOldGen       total 63488K, used 36733K [0x00000000c2000000, 0x00000000c5e00000, 0x00000000eb580000)
  object space 63488K, 57% used [0x00000000c2000000,0x00000000c43df420,0x00000000c5e00000)
 Metaspace       used 27043K, capacity 28806K, committed 29184K, reserved 1075200K
  class space    used 3623K, capacity 3972K, committed 4096K, reserved 1048576K
}
Event: 381.626 GC heap before
{Heap before GC invocations=23 (full 2):
 PSYoungGen      total 322560K, used 309923K [0x00000000eb580000, 0x00000000ffe80000, 0x0000000100000000)
  eden space 309248K, 100% used [0x00000000eb580000,0x00000000fe380000,0x00000000fe380000)
  from space 13312K, 5% used [0x00000000ff180000,0x00000000ff228eb8,0x00000000ffe80000)
  to   space 13824K, 0% used [0x00000000fe380000,0x00000000fe380000,0x00000000ff100000)
 ParOldGen       total 63488K, used 36733K [0x00000000c2000000, 0x00000000c5e00000, 0x00000000eb580000)
  object space 63488K, 57% used [0x00000000c2000000,0x00000000c43df420,0x00000000c5e00000)
 Metaspace       used 27043K, capacity 28806K, committed 29184K, reserved 1075200K
  class space    used 3623K, capacity 3972K, committed 4096K, reserved 1048576K
Event: 381.633 GC heap after
Heap after GC invocations=23 (full 2):
 PSYoungGen      total 323072K, used 355K [0x00000000eb580000, 0x00000000fff80000, 0x0000000100000000)
  eden space 309248K, 0% used [0x00000000eb580000,0x00000000eb580000,0x00000000fe380000)
  from space 13824K, 2% used [0x00000000fe380000,0x00000000fe3d8e90,0x00000000ff100000)
  to   space 13312K, 0% used [0x00000000ff280000,0x00000000ff280000,0x00000000fff80000)
 ParOldGen       total 63488K, used 37077K [0x00000000c2000000, 0x00000000c5e00000, 0x00000000eb580000)
  object space 63488K, 58% used [0x00000000c2000000,0x00000000c4435420,0x00000000c5e00000)
 Metaspace       used 27043K, capacity 28806K, committed 29184K, reserved 1075200K
  class space    used 3623K, capacity 3972K, committed 4096K, reserved 1048576K
}
Event: 388.623 GC heap before
{Heap before GC invocations=24 (full 2):
 PSYoungGen      total 323072K, used 309603K [0x00000000eb580000, 0x00000000fff80000, 0x0000000100000000)
  eden space 309248K, 100% used [0x00000000eb580000,0x00000000fe380000,0x00000000fe380000)
  from space 13824K, 2% used [0x00000000fe380000,0x00000000fe3d8e90,0x00000000ff100000)
  to   space 13312K, 0% used [0x00000000ff280000,0x00000000ff280000,0x00000000fff80000)
 ParOldGen       total 63488K, used 37077K [0x00000000c2000000, 0x00000000c5e00000, 0x00000000eb580000)
  object space 63488K, 58% used [0x00000000c2000000,0x00000000c4435420,0x00000000c5e00000)
 Metaspace       used 27043K, capacity 28806K, committed 29184K, reserved 1075200K
  class space    used 3623K, capacity 3972K, committed 4096K, reserved 1048576K
Event: 388.626 GC heap after
Heap after GC invocations=24 (full 2):
 PSYoungGen      total 323584K, used 392K [0x00000000eb580000, 0x00000000ffe80000, 0x0000000100000000)
  eden space 311296K, 0% used [0x00000000eb580000,0x00000000eb580000,0x00000000fe580000)
  from space 12288K, 3% used [0x00000000ff280000,0x00000000ff2e2010,0x00000000ffe80000)
  to   space 12800K, 0% used [0x00000000fe580000,0x00000000fe580000,0x00000000ff200000)
 ParOldGen       total 63488K, used 37077K [0x00000000c2000000, 0x00000000c5e00000, 0x00000000eb580000)
  object space 63488K, 58% used [0x00000000c2000000,0x00000000c4435420,0x00000000c5e00000)
 Metaspace       used 27043K, capacity 28806K, committed 29184K, reserved 1075200K
  class space    used 3623K, capacity 3972K, committed 4096K, reserved 1048576K
}
Event: 394.018 GC heap before
{Heap before GC invocations=25 (full 2):
 PSYoungGen      total 323584K, used 311688K [0x00000000eb580000, 0x00000000ffe80000, 0x0000000100000000)
  eden space 311296K, 100% used [0x00000000eb580000,0x00000000fe580000,0x00000000fe580000)
  from space 12288K, 3% used [0x00000000ff280000,0x00000000ff2e2010,0x00000000ffe80000)
  to   space 12800K, 0% used [0x00000000fe580000,0x00000000fe580000,0x00000000ff200000)
 ParOldGen       total 63488K, used 37077K [0x00000000c2000000, 0x00000000c5e00000, 0x00000000eb580000)
  object space 63488K, 58% used [0x00000000c2000000,0x00000000c4435420,0x00000000c5e00000)
 Metaspace       used 27043K, capacity 28806K, committed 29184K, reserved 1075200K
  class space    used 3623K, capacity 3972K, committed 4096K, reserved 1048576K
Event: 394.028 GC heap after
Heap after GC invocations=25 (full 2):
 PSYoungGen      total 324096K, used 256K [0x00000000eb580000, 0x00000000fff80000, 0x0000000100000000)
  eden space 311296K, 0% used [0x00000000eb580000,0x00000000eb580000,0x00000000fe580000)
  from space 12800K, 2% used [0x00000000fe580000,0x00000000fe5c0000,0x00000000ff200000)
  to   space 12288K, 0% used [0x00000000ff380000,0x00000000ff380000,0x00000000fff80000)
 ParOldGen       total 63488K, used 37077K [0x00000000c2000000, 0x00000000c5e00000, 0x00000000eb580000)
  object space 63488K, 58% used [0x00000000c2000000,0x00000000c4435420,0x00000000c5e00000)
 Metaspace       used 27043K, capacity 28806K, committed 29184K, reserved 1075200K
  class space    used 3623K, capacity 3972K, committed 4096K, reserved 1048576K
}
Event: 445.645 GC heap before
{Heap before GC invocations=26 (full 2):
 PSYoungGen      total 324096K, used 311552K [0x00000000eb580000, 0x00000000fff80000, 0x0000000100000000)
  eden space 311296K, 100% used [0x00000000eb580000,0x00000000fe580000,0x00000000fe580000)
  from space 12800K, 2% used [0x00000000fe580000,0x00000000fe5c0000,0x00000000ff200000)
  to   space 12288K, 0% used [0x00000000ff380000,0x00000000ff380000,0x00000000fff80000)
 ParOldGen       total 63488K, used 37077K [0x00000000c2000000, 0x00000000c5e00000, 0x00000000eb580000)
  object space 63488K, 58% used [0x00000000c2000000,0x00000000c4435420,0x00000000c5e00000)
 Metaspace       used 27087K, capacity 28870K, committed 29184K, reserved 1075200K
  class space    used 3627K, capacity 3972K, committed 4096K, reserved 1048576K
Event: 445.663 GC heap after
Heap after GC invocations=26 (full 2):
 PSYoungGen      total 324608K, used 1312K [0x00000000eb580000, 0x00000000ffe80000, 0x0000000100000000)
  eden space 313344K, 0% used [0x00000000eb580000,0x00000000eb580000,0x00000000fe780000)
  from space 11264K, 11% used [0x00000000ff380000,0x00000000ff4c8000,0x00000000ffe80000)
  to   space 11776K, 0% used [0x00000000fe780000,0x00000000fe780000,0x00000000ff300000)
 ParOldGen       total 63488K, used 37077K [0x00000000c2000000, 0x00000000c5e00000, 0x00000000eb580000)
  object space 63488K, 58% used [0x00000000c2000000,0x00000000c4435420,0x00000000c5e00000)
 Metaspace       used 27087K, capacity 28870K, committed 29184K, reserved 1075200K
  class space    used 3627K, capacity 3972K, committed 4096K, reserved 1048576K
}

